{"/Users/tonyboudreau/Documents/Dev/Cégep/integrateur/Fiches-culturelles/api/app.js": {"path":"/Users/tonyboudreau/Documents/Dev/Cégep/integrateur/Fiches-culturelles/api/app.js","statementMap":{"0":{"start":{"line":6,"column":12},"end":{"line":6,"column":21}},"1":{"start":{"line":8,"column":0},"end":{"line":13,"column":62}},"2":{"start":{"line":12,"column":12},"end":{"line":12,"column":46}},"3":{"start":{"line":13,"column":14},"end":{"line":13,"column":60}},"4":{"start":{"line":15,"column":0},"end":{"line":15,"column":24}},"5":{"start":{"line":17,"column":0},"end":{"line":19,"column":3}},"6":{"start":{"line":18,"column":2},"end":{"line":18,"column":65}},"7":{"start":{"line":21,"column":0},"end":{"line":21,"column":29}}},"fnMap":{"0":{"name":"(anonymous_0)","decl":{"start":{"line":12,"column":6},"end":{"line":12,"column":7}},"loc":{"start":{"line":12,"column":12},"end":{"line":12,"column":46}},"line":12},"1":{"name":"(anonymous_1)","decl":{"start":{"line":13,"column":7},"end":{"line":13,"column":8}},"loc":{"start":{"line":13,"column":14},"end":{"line":13,"column":60}},"line":13},"2":{"name":"(anonymous_2)","decl":{"start":{"line":17,"column":13},"end":{"line":17,"column":14}},"loc":{"start":{"line":17,"column":27},"end":{"line":19,"column":1}},"line":17}},"branchMap":{},"s":{"0":1,"1":1,"2":1,"3":0,"4":1,"5":1,"6":0,"7":1},"f":{"0":1,"1":0,"2":0},"b":{},"_coverageSchema":"1a1c01bbd47fc00a2c39e90264f33305004495a9","hash":"82ec5b639d695d869e976472f6e8f6ffb1f54039"}
,"/Users/tonyboudreau/Documents/Dev/Cégep/integrateur/Fiches-culturelles/api/controllers/jeuController.js": {"path":"/Users/tonyboudreau/Documents/Dev/Cégep/integrateur/Fiches-culturelles/api/controllers/jeuController.js","statementMap":{"0":{"start":{"line":9,"column":1},"end":{"line":80,"column":3}},"1":{"start":{"line":10,"column":18},"end":{"line":12,"column":24}},"2":{"start":{"line":14,"column":18},"end":{"line":14,"column":23}},"3":{"start":{"line":15,"column":24},"end":{"line":15,"column":25}},"4":{"start":{"line":16,"column":21},"end":{"line":16,"column":23}},"5":{"start":{"line":18,"column":4},"end":{"line":61,"column":5}},"6":{"start":{"line":18,"column":18},"end":{"line":18,"column":19}},"7":{"start":{"line":19,"column":6},"end":{"line":54,"column":7}},"8":{"start":{"line":20,"column":25},"end":{"line":28,"column":9}},"9":{"start":{"line":30,"column":8},"end":{"line":47,"column":9}},"10":{"start":{"line":31,"column":25},"end":{"line":31,"column":48}},"11":{"start":{"line":33,"column":10},"end":{"line":46,"column":11}},"12":{"start":{"line":34,"column":12},"end":{"line":43,"column":15}},"13":{"start":{"line":45,"column":12},"end":{"line":45,"column":61}},"14":{"start":{"line":49,"column":8},"end":{"line":53,"column":9}},"15":{"start":{"line":50,"column":10},"end":{"line":50,"column":54}},"16":{"start":{"line":52,"column":10},"end":{"line":52,"column":57}},"17":{"start":{"line":56,"column":6},"end":{"line":60,"column":7}},"18":{"start":{"line":57,"column":8},"end":{"line":57,"column":38}},"19":{"start":{"line":58,"column":8},"end":{"line":58,"column":41}},"20":{"start":{"line":59,"column":8},"end":{"line":59,"column":28}},"21":{"start":{"line":63,"column":4},"end":{"line":66,"column":5}},"22":{"start":{"line":64,"column":6},"end":{"line":64,"column":36}},"23":{"start":{"line":65,"column":6},"end":{"line":65,"column":39}},"24":{"start":{"line":68,"column":4},"end":{"line":72,"column":7}},"25":{"start":{"line":74,"column":4},"end":{"line":74,"column":61}},"26":{"start":{"line":75,"column":4},"end":{"line":79,"column":7}},"27":{"start":{"line":88,"column":2},"end":{"line":97,"column":3}},"28":{"start":{"line":89,"column":17},"end":{"line":89,"column":83}},"29":{"start":{"line":90,"column":4},"end":{"line":90,"column":64}},"30":{"start":{"line":92,"column":4},"end":{"line":92,"column":59}},"31":{"start":{"line":93,"column":4},"end":{"line":96,"column":7}}},"fnMap":{"0":{"name":"importerJeuxQuebec","decl":{"start":{"line":8,"column":15},"end":{"line":8,"column":33}},"loc":{"start":{"line":8,"column":44},"end":{"line":81,"column":1}},"line":8},"1":{"name":"listerJeuxQuebec","decl":{"start":{"line":87,"column":15},"end":{"line":87,"column":31}},"loc":{"start":{"line":87,"column":42},"end":{"line":98,"column":1}},"line":87}},"branchMap":{"0":{"loc":{"start":{"line":30,"column":8},"end":{"line":47,"column":9}},"type":"if","locations":[{"start":{"line":30,"column":8},"end":{"line":47,"column":9}},{"start":{},"end":{}}],"line":30},"1":{"loc":{"start":{"line":33,"column":10},"end":{"line":46,"column":11}},"type":"if","locations":[{"start":{"line":33,"column":10},"end":{"line":46,"column":11}},{"start":{},"end":{}}],"line":33},"2":{"loc":{"start":{"line":49,"column":8},"end":{"line":53,"column":9}},"type":"if","locations":[{"start":{"line":49,"column":8},"end":{"line":53,"column":9}},{"start":{"line":51,"column":15},"end":{"line":53,"column":9}}],"line":49},"3":{"loc":{"start":{"line":49,"column":12},"end":{"line":49,"column":55}},"type":"binary-expr","locations":[{"start":{"line":49,"column":12},"end":{"line":49,"column":24}},{"start":{"line":49,"column":28},"end":{"line":49,"column":55}}],"line":49},"4":{"loc":{"start":{"line":56,"column":6},"end":{"line":60,"column":7}},"type":"if","locations":[{"start":{"line":56,"column":6},"end":{"line":60,"column":7}},{"start":{},"end":{}}],"line":56},"5":{"loc":{"start":{"line":63,"column":4},"end":{"line":66,"column":5}},"type":"if","locations":[{"start":{"line":63,"column":4},"end":{"line":66,"column":5}},{"start":{},"end":{}}],"line":63}},"s":{"0":0,"1":0,"2":0,"3":0,"4":0,"5":0,"6":0,"7":0,"8":0,"9":0,"10":0,"11":0,"12":0,"13":0,"14":0,"15":0,"16":0,"17":0,"18":0,"19":0,"20":0,"21":0,"22":0,"23":0,"24":0,"25":0,"26":0,"27":1,"28":1,"29":1,"30":0,"31":0},"f":{"0":0,"1":1},"b":{"0":[0,0],"1":[0,0],"2":[0,0],"3":[0,0],"4":[0,0],"5":[0,0]},"_coverageSchema":"1a1c01bbd47fc00a2c39e90264f33305004495a9","hash":"67b68bebe7e2ee55627cb13defc3797ce0bce370"}
,"/Users/tonyboudreau/Documents/Dev/Cégep/integrateur/Fiches-culturelles/api/models/Jeu.js": {"path":"/Users/tonyboudreau/Documents/Dev/Cégep/integrateur/Fiches-culturelles/api/models/Jeu.js","statementMap":{"0":{"start":{"line":4,"column":26},"end":{"line":12,"column":1}},"1":{"start":{"line":15,"column":21},"end":{"line":23,"column":1}},"2":{"start":{"line":26,"column":35},"end":{"line":35,"column":1}},"3":{"start":{"line":38,"column":21},"end":{"line":44,"column":1}},"4":{"start":{"line":47,"column":24},"end":{"line":53,"column":1}},"5":{"start":{"line":56,"column":18},"end":{"line":78,"column":1}},"6":{"start":{"line":81,"column":0},"end":{"line":88,"column":3}}},"fnMap":{},"branchMap":{},"s":{"0":1,"1":1,"2":1,"3":1,"4":1,"5":1,"6":1},"f":{},"b":{},"_coverageSchema":"1a1c01bbd47fc00a2c39e90264f33305004495a9","hash":"af2daf7e08c86b4ba5c81e336fa78c57dd6bf467"}
,"/Users/tonyboudreau/Documents/Dev/Cégep/integrateur/Fiches-culturelles/api/routes/jeux.js": {"path":"/Users/tonyboudreau/Documents/Dev/Cégep/integrateur/Fiches-culturelles/api/routes/jeux.js","statementMap":{"0":{"start":{"line":4,"column":15},"end":{"line":4,"column":31}},"1":{"start":{"line":7,"column":0},"end":{"line":7,"column":49}},"2":{"start":{"line":9,"column":0},"end":{"line":9,"column":40}}},"fnMap":{},"branchMap":{},"s":{"0":1,"1":1,"2":1},"f":{},"b":{},"_coverageSchema":"1a1c01bbd47fc00a2c39e90264f33305004495a9","hash":"650e0b53eb59445b383a4cbd592b41c95cede1d9"}
,"/Users/tonyboudreau/Documents/Dev/Cégep/integrateur/Fiches-culturelles/api/utils/kohaMappeur.js": {"path":"/Users/tonyboudreau/Documents/Dev/Cégep/integrateur/Fiches-culturelles/api/utils/kohaMappeur.js","statementMap":{"0":{"start":{"line":7,"column":2},"end":{"line":7,"column":31}},"1":{"start":{"line":7,"column":14},"end":{"line":7,"column":31}},"2":{"start":{"line":8,"column":2},"end":{"line":11,"column":21}},"3":{"start":{"line":10,"column":14},"end":{"line":10,"column":22}},"4":{"start":{"line":20,"column":2},"end":{"line":20,"column":53}},"5":{"start":{"line":20,"column":41},"end":{"line":20,"column":53}},"6":{"start":{"line":21,"column":15},"end":{"line":21,"column":27}},"7":{"start":{"line":22,"column":2},"end":{"line":22,"column":34}},"8":{"start":{"line":22,"column":22},"end":{"line":22,"column":34}},"9":{"start":{"line":23,"column":2},"end":{"line":23,"column":34}},"10":{"start":{"line":23,"column":22},"end":{"line":23,"column":34}},"11":{"start":{"line":24,"column":2},"end":{"line":24,"column":14}},"12":{"start":{"line":31,"column":15},"end":{"line":31,"column":55}},"13":{"start":{"line":32,"column":2},"end":{"line":34,"column":3}},"14":{"start":{"line":33,"column":4},"end":{"line":33,"column":58}},"15":{"start":{"line":36,"column":19},"end":{"line":36,"column":69}},"16":{"start":{"line":36,"column":44},"end":{"line":36,"column":52}},"17":{"start":{"line":37,"column":11},"end":{"line":37,"column":15}},"18":{"start":{"line":37,"column":22},"end":{"line":37,"column":26}},"19":{"start":{"line":39,"column":16},"end":{"line":44,"column":3}},"20":{"start":{"line":46,"column":17},"end":{"line":46,"column":26}},"21":{"start":{"line":48,"column":2},"end":{"line":88,"column":3}},"22":{"start":{"line":48,"column":15},"end":{"line":48,"column":16}},"23":{"start":{"line":49,"column":14},"end":{"line":49,"column":25}},"24":{"start":{"line":50,"column":18},"end":{"line":50,"column":33}},"25":{"start":{"line":53,"column":4},"end":{"line":78,"column":5}},"26":{"start":{"line":54,"column":6},"end":{"line":54,"column":13}},"27":{"start":{"line":55,"column":6},"end":{"line":55,"column":45}},"28":{"start":{"line":55,"column":38},"end":{"line":55,"column":45}},"29":{"start":{"line":59,"column":9},"end":{"line":78,"column":5}},"30":{"start":{"line":60,"column":6},"end":{"line":60,"column":13}},"31":{"start":{"line":61,"column":6},"end":{"line":61,"column":45}},"32":{"start":{"line":61,"column":38},"end":{"line":61,"column":45}},"33":{"start":{"line":66,"column":6},"end":{"line":77,"column":7}},"34":{"start":{"line":67,"column":8},"end":{"line":67,"column":73}},"35":{"start":{"line":68,"column":13},"end":{"line":77,"column":7}},"36":{"start":{"line":69,"column":8},"end":{"line":69,"column":88}},"37":{"start":{"line":70,"column":13},"end":{"line":77,"column":7}},"38":{"start":{"line":71,"column":22},"end":{"line":71,"column":76}},"39":{"start":{"line":72,"column":8},"end":{"line":74,"column":17}},"40":{"start":{"line":73,"column":38},"end":{"line":73,"column":46}},"41":{"start":{"line":75,"column":13},"end":{"line":77,"column":7}},"42":{"start":{"line":76,"column":8},"end":{"line":76,"column":102}},"43":{"start":{"line":81,"column":21},"end":{"line":84,"column":5}},"44":{"start":{"line":85,"column":4},"end":{"line":85,"column":67}},"45":{"start":{"line":85,"column":30},"end":{"line":85,"column":67}},"46":{"start":{"line":85,"column":53},"end":{"line":85,"column":67}},"47":{"start":{"line":86,"column":4},"end":{"line":86,"column":67}},"48":{"start":{"line":86,"column":35},"end":{"line":86,"column":67}},"49":{"start":{"line":87,"column":4},"end":{"line":87,"column":95}},"50":{"start":{"line":87,"column":71},"end":{"line":87,"column":95}},"51":{"start":{"line":90,"column":2},"end":{"line":101,"column":4}},"52":{"start":{"line":109,"column":22},"end":{"line":109,"column":92}},"53":{"start":{"line":112,"column":4},"end":{"line":114,"column":8}},"54":{"start":{"line":116,"column":15},"end":{"line":116,"column":34}},"55":{"start":{"line":117,"column":16},"end":{"line":117,"column":78}},"56":{"start":{"line":119,"column":15},"end":{"line":121,"column":15}},"57":{"start":{"line":120,"column":45},"end":{"line":120,"column":53}},"58":{"start":{"line":123,"column":14},"end":{"line":125,"column":15}},"59":{"start":{"line":124,"column":48},"end":{"line":124,"column":56}},"60":{"start":{"line":127,"column":39},"end":{"line":127,"column":79}},"61":{"start":{"line":130,"column":2},"end":{"line":136,"column":61}},"62":{"start":{"line":130,"column":26},"end":{"line":130,"column":60}},"63":{"start":{"line":138,"column":2},"end":{"line":169,"column":4}}},"fnMap":{"0":{"name":"decouperUrls","decl":{"start":{"line":6,"column":9},"end":{"line":6,"column":21}},"loc":{"start":{"line":6,"column":29},"end":{"line":12,"column":1}},"line":6},"1":{"name":"(anonymous_1)","decl":{"start":{"line":10,"column":9},"end":{"line":10,"column":10}},"loc":{"start":{"line":10,"column":14},"end":{"line":10,"column":22}},"line":10},"2":{"name":"detecterLangue","decl":{"start":{"line":19,"column":9},"end":{"line":19,"column":23}},"loc":{"start":{"line":19,"column":31},"end":{"line":25,"column":1}},"line":19},"3":{"name":"extraireDepuisAbstract","decl":{"start":{"line":30,"column":9},"end":{"line":30,"column":31}},"loc":{"start":{"line":30,"column":46},"end":{"line":102,"column":1}},"line":30},"4":{"name":"(anonymous_4)","decl":{"start":{"line":36,"column":39},"end":{"line":36,"column":40}},"loc":{"start":{"line":36,"column":44},"end":{"line":36,"column":52}},"line":36},"5":{"name":"(anonymous_5)","decl":{"start":{"line":73,"column":33},"end":{"line":73,"column":34}},"loc":{"start":{"line":73,"column":38},"end":{"line":73,"column":46}},"line":73},"6":{"name":"mapperKohaVersJeu","decl":{"start":{"line":108,"column":9},"end":{"line":108,"column":26}},"loc":{"start":{"line":108,"column":30},"end":{"line":170,"column":1}},"line":108},"7":{"name":"(anonymous_7)","decl":{"start":{"line":120,"column":40},"end":{"line":120,"column":41}},"loc":{"start":{"line":120,"column":45},"end":{"line":120,"column":53}},"line":120},"8":{"name":"(anonymous_8)","decl":{"start":{"line":124,"column":43},"end":{"line":124,"column":44}},"loc":{"start":{"line":124,"column":48},"end":{"line":124,"column":56}},"line":124},"9":{"name":"(anonymous_9)","decl":{"start":{"line":130,"column":21},"end":{"line":130,"column":22}},"loc":{"start":{"line":130,"column":26},"end":{"line":130,"column":60}},"line":130}},"branchMap":{"0":{"loc":{"start":{"line":7,"column":2},"end":{"line":7,"column":31}},"type":"if","locations":[{"start":{"line":7,"column":2},"end":{"line":7,"column":31}},{"start":{},"end":{}}],"line":7},"1":{"loc":{"start":{"line":20,"column":2},"end":{"line":20,"column":53}},"type":"if","locations":[{"start":{"line":20,"column":2},"end":{"line":20,"column":53}},{"start":{},"end":{}}],"line":20},"2":{"loc":{"start":{"line":20,"column":6},"end":{"line":20,"column":39}},"type":"binary-expr","locations":[{"start":{"line":20,"column":6},"end":{"line":20,"column":12}},{"start":{"line":20,"column":16},"end":{"line":20,"column":39}}],"line":20},"3":{"loc":{"start":{"line":22,"column":2},"end":{"line":22,"column":34}},"type":"if","locations":[{"start":{"line":22,"column":2},"end":{"line":22,"column":34}},{"start":{},"end":{}}],"line":22},"4":{"loc":{"start":{"line":23,"column":2},"end":{"line":23,"column":34}},"type":"if","locations":[{"start":{"line":23,"column":2},"end":{"line":23,"column":34}},{"start":{},"end":{}}],"line":23},"5":{"loc":{"start":{"line":31,"column":15},"end":{"line":31,"column":55}},"type":"cond-expr","locations":[{"start":{"line":31,"column":30},"end":{"line":31,"column":50}},{"start":{"line":31,"column":53},"end":{"line":31,"column":55}}],"line":31},"6":{"loc":{"start":{"line":32,"column":2},"end":{"line":34,"column":3}},"type":"if","locations":[{"start":{"line":32,"column":2},"end":{"line":34,"column":3}},{"start":{},"end":{}}],"line":32},"7":{"loc":{"start":{"line":53,"column":4},"end":{"line":78,"column":5}},"type":"if","locations":[{"start":{"line":53,"column":4},"end":{"line":78,"column":5}},{"start":{"line":59,"column":9},"end":{"line":78,"column":5}}],"line":53},"8":{"loc":{"start":{"line":55,"column":6},"end":{"line":55,"column":45}},"type":"if","locations":[{"start":{"line":55,"column":6},"end":{"line":55,"column":45}},{"start":{},"end":{}}],"line":55},"9":{"loc":{"start":{"line":59,"column":9},"end":{"line":78,"column":5}},"type":"if","locations":[{"start":{"line":59,"column":9},"end":{"line":78,"column":5}},{"start":{"line":65,"column":9},"end":{"line":78,"column":5}}],"line":59},"10":{"loc":{"start":{"line":61,"column":6},"end":{"line":61,"column":45}},"type":"if","locations":[{"start":{"line":61,"column":6},"end":{"line":61,"column":45}},{"start":{},"end":{}}],"line":61},"11":{"loc":{"start":{"line":66,"column":6},"end":{"line":77,"column":7}},"type":"if","locations":[{"start":{"line":66,"column":6},"end":{"line":77,"column":7}},{"start":{"line":68,"column":13},"end":{"line":77,"column":7}}],"line":66},"12":{"loc":{"start":{"line":67,"column":24},"end":{"line":67,"column":72}},"type":"binary-expr","locations":[{"start":{"line":67,"column":24},"end":{"line":67,"column":64}},{"start":{"line":67,"column":68},"end":{"line":67,"column":72}}],"line":67},"13":{"loc":{"start":{"line":68,"column":13},"end":{"line":77,"column":7}},"type":"if","locations":[{"start":{"line":68,"column":13},"end":{"line":77,"column":7}},{"start":{"line":70,"column":13},"end":{"line":77,"column":7}}],"line":68},"14":{"loc":{"start":{"line":69,"column":31},"end":{"line":69,"column":87}},"type":"binary-expr","locations":[{"start":{"line":69,"column":31},"end":{"line":69,"column":79}},{"start":{"line":69,"column":83},"end":{"line":69,"column":87}}],"line":69},"15":{"loc":{"start":{"line":70,"column":13},"end":{"line":77,"column":7}},"type":"if","locations":[{"start":{"line":70,"column":13},"end":{"line":77,"column":7}},{"start":{"line":75,"column":13},"end":{"line":77,"column":7}}],"line":70},"16":{"loc":{"start":{"line":72,"column":37},"end":{"line":74,"column":16}},"type":"cond-expr","locations":[{"start":{"line":73,"column":12},"end":{"line":73,"column":63}},{"start":{"line":74,"column":12},"end":{"line":74,"column":16}}],"line":72},"17":{"loc":{"start":{"line":75,"column":13},"end":{"line":77,"column":7}},"type":"if","locations":[{"start":{"line":75,"column":13},"end":{"line":77,"column":7}},{"start":{},"end":{}}],"line":75},"18":{"loc":{"start":{"line":76,"column":28},"end":{"line":76,"column":101}},"type":"binary-expr","locations":[{"start":{"line":76,"column":28},"end":{"line":76,"column":93}},{"start":{"line":76,"column":97},"end":{"line":76,"column":101}}],"line":76},"19":{"loc":{"start":{"line":85,"column":30},"end":{"line":85,"column":67}},"type":"if","locations":[{"start":{"line":85,"column":30},"end":{"line":85,"column":67}},{"start":{},"end":{}}],"line":85},"20":{"loc":{"start":{"line":86,"column":4},"end":{"line":86,"column":67}},"type":"if","locations":[{"start":{"line":86,"column":4},"end":{"line":86,"column":67}},{"start":{},"end":{}}],"line":86},"21":{"loc":{"start":{"line":87,"column":4},"end":{"line":87,"column":95}},"type":"if","locations":[{"start":{"line":87,"column":4},"end":{"line":87,"column":95}},{"start":{},"end":{}}],"line":87},"22":{"loc":{"start":{"line":87,"column":8},"end":{"line":87,"column":69}},"type":"binary-expr","locations":[{"start":{"line":87,"column":8},"end":{"line":87,"column":35}},{"start":{"line":87,"column":39},"end":{"line":87,"column":69}}],"line":87},"23":{"loc":{"start":{"line":93,"column":10},"end":{"line":93,"column":20}},"type":"binary-expr","locations":[{"start":{"line":93,"column":10},"end":{"line":93,"column":12}},{"start":{"line":93,"column":16},"end":{"line":93,"column":20}}],"line":93},"24":{"loc":{"start":{"line":94,"column":10},"end":{"line":94,"column":20}},"type":"binary-expr","locations":[{"start":{"line":94,"column":10},"end":{"line":94,"column":12}},{"start":{"line":94,"column":16},"end":{"line":94,"column":20}}],"line":94},"25":{"loc":{"start":{"line":96,"column":8},"end":{"line":98,"column":21}},"type":"cond-expr","locations":[{"start":{"line":97,"column":12},"end":{"line":97,"column":17}},{"start":{"line":98,"column":12},"end":{"line":98,"column":21}}],"line":96},"26":{"loc":{"start":{"line":96,"column":9},"end":{"line":96,"column":97}},"type":"binary-expr","locations":[{"start":{"line":96,"column":9},"end":{"line":96,"column":22}},{"start":{"line":96,"column":26},"end":{"line":96,"column":46}},{"start":{"line":96,"column":50},"end":{"line":96,"column":76}},{"start":{"line":96,"column":80},"end":{"line":96,"column":97}}],"line":96},"27":{"loc":{"start":{"line":109,"column":22},"end":{"line":109,"column":92}},"type":"cond-expr","locations":[{"start":{"line":109,"column":44},"end":{"line":109,"column":80}},{"start":{"line":109,"column":83},"end":{"line":109,"column":92}}],"line":109},"28":{"loc":{"start":{"line":112,"column":4},"end":{"line":114,"column":8}},"type":"binary-expr","locations":[{"start":{"line":112,"column":4},"end":{"line":112,"column":20}},{"start":{"line":113,"column":4},"end":{"line":113,"column":22}},{"start":{"line":114,"column":4},"end":{"line":114,"column":8}}],"line":112},"29":{"loc":{"start":{"line":117,"column":16},"end":{"line":117,"column":78}},"type":"cond-expr","locations":[{"start":{"line":117,"column":26},"end":{"line":117,"column":71}},{"start":{"line":117,"column":74},"end":{"line":117,"column":78}}],"line":117},"30":{"loc":{"start":{"line":119,"column":15},"end":{"line":121,"column":15}},"type":"cond-expr","locations":[{"start":{"line":120,"column":6},"end":{"line":120,"column":70}},{"start":{"line":121,"column":6},"end":{"line":121,"column":15}}],"line":119},"31":{"loc":{"start":{"line":123,"column":14},"end":{"line":125,"column":15}},"type":"cond-expr","locations":[{"start":{"line":124,"column":6},"end":{"line":124,"column":73}},{"start":{"line":125,"column":6},"end":{"line":125,"column":15}}],"line":123},"32":{"loc":{"start":{"line":127,"column":62},"end":{"line":127,"column":78}},"type":"binary-expr","locations":[{"start":{"line":127,"column":62},"end":{"line":127,"column":72}},{"start":{"line":127,"column":76},"end":{"line":127,"column":78}}],"line":127},"33":{"loc":{"start":{"line":130,"column":2},"end":{"line":136,"column":61}},"type":"binary-expr","locations":[{"start":{"line":130,"column":3},"end":{"line":130,"column":7}},{"start":{"line":130,"column":11},"end":{"line":130,"column":61}},{"start":{"line":131,"column":3},"end":{"line":131,"column":29}},{"start":{"line":131,"column":33},"end":{"line":131,"column":68}},{"start":{"line":132,"column":3},"end":{"line":132,"column":22}},{"start":{"line":133,"column":4},"end":{"line":135,"column":5}},{"start":{"line":136,"column":3},"end":{"line":136,"column":17}},{"start":{"line":136,"column":21},"end":{"line":136,"column":60}}],"line":130},"34":{"loc":{"start":{"line":140,"column":18},"end":{"line":140,"column":31}},"type":"binary-expr","locations":[{"start":{"line":140,"column":18},"end":{"line":140,"column":25}},{"start":{"line":140,"column":29},"end":{"line":140,"column":31}}],"line":140},"35":{"loc":{"start":{"line":142,"column":17},"end":{"line":142,"column":45}},"type":"cond-expr","locations":[{"start":{"line":142,"column":25},"end":{"line":142,"column":38}},{"start":{"line":142,"column":41},"end":{"line":142,"column":45}}],"line":142},"36":{"loc":{"start":{"line":145,"column":15},"end":{"line":145,"column":34}},"type":"binary-expr","locations":[{"start":{"line":145,"column":15},"end":{"line":145,"column":26}},{"start":{"line":145,"column":30},"end":{"line":145,"column":34}}],"line":145},"37":{"loc":{"start":{"line":151,"column":22},"end":{"line":151,"column":76}},"type":"cond-expr","locations":[{"start":{"line":151,"column":48},"end":{"line":151,"column":64}},{"start":{"line":151,"column":67},"end":{"line":151,"column":76}}],"line":151},"38":{"loc":{"start":{"line":156,"column":20},"end":{"line":156,"column":73}},"type":"cond-expr","locations":[{"start":{"line":156,"column":42},"end":{"line":156,"column":61}},{"start":{"line":156,"column":64},"end":{"line":156,"column":73}}],"line":156},"39":{"loc":{"start":{"line":157,"column":11},"end":{"line":157,"column":24}},"type":"binary-expr","locations":[{"start":{"line":157,"column":11},"end":{"line":157,"column":16}},{"start":{"line":157,"column":20},"end":{"line":157,"column":24}}],"line":157},"40":{"loc":{"start":{"line":158,"column":12},"end":{"line":158,"column":26}},"type":"binary-expr","locations":[{"start":{"line":158,"column":12},"end":{"line":158,"column":18}},{"start":{"line":158,"column":22},"end":{"line":158,"column":26}}],"line":158},"41":{"loc":{"start":{"line":159,"column":12},"end":{"line":159,"column":26}},"type":"binary-expr","locations":[{"start":{"line":159,"column":12},"end":{"line":159,"column":18}},{"start":{"line":159,"column":22},"end":{"line":159,"column":26}}],"line":159},"42":{"loc":{"start":{"line":160,"column":10},"end":{"line":160,"column":37}},"type":"binary-expr","locations":[{"start":{"line":160,"column":10},"end":{"line":160,"column":29}},{"start":{"line":160,"column":33},"end":{"line":160,"column":37}}],"line":160},"43":{"loc":{"start":{"line":162,"column":40},"end":{"line":162,"column":62}},"type":"binary-expr","locations":[{"start":{"line":162,"column":40},"end":{"line":162,"column":54}},{"start":{"line":162,"column":58},"end":{"line":162,"column":62}}],"line":162},"44":{"loc":{"start":{"line":164,"column":20},"end":{"line":164,"column":70}},"type":"cond-expr","locations":[{"start":{"line":164,"column":38},"end":{"line":164,"column":63}},{"start":{"line":164,"column":66},"end":{"line":164,"column":70}}],"line":164},"45":{"loc":{"start":{"line":165,"column":18},"end":{"line":165,"column":60}},"type":"cond-expr","locations":[{"start":{"line":165,"column":32},"end":{"line":165,"column":53}},{"start":{"line":165,"column":56},"end":{"line":165,"column":60}}],"line":165}},"s":{"0":0,"1":0,"2":0,"3":0,"4":0,"5":0,"6":0,"7":0,"8":0,"9":0,"10":0,"11":0,"12":0,"13":0,"14":0,"15":0,"16":0,"17":0,"18":0,"19":0,"20":0,"21":0,"22":0,"23":0,"24":0,"25":0,"26":0,"27":0,"28":0,"29":0,"30":0,"31":0,"32":0,"33":0,"34":0,"35":0,"36":0,"37":0,"38":0,"39":0,"40":0,"41":0,"42":0,"43":0,"44":0,"45":0,"46":0,"47":0,"48":0,"49":0,"50":0,"51":0,"52":0,"53":0,"54":0,"55":0,"56":0,"57":0,"58":0,"59":0,"60":0,"61":0,"62":0,"63":0},"f":{"0":0,"1":0,"2":0,"3":0,"4":0,"5":0,"6":0,"7":0,"8":0,"9":0},"b":{"0":[0,0],"1":[0,0],"2":[0,0],"3":[0,0],"4":[0,0],"5":[0,0],"6":[0,0],"7":[0,0],"8":[0,0],"9":[0,0],"10":[0,0],"11":[0,0],"12":[0,0],"13":[0,0],"14":[0,0],"15":[0,0],"16":[0,0],"17":[0,0],"18":[0,0],"19":[0,0],"20":[0,0],"21":[0,0],"22":[0,0],"23":[0,0],"24":[0,0],"25":[0,0],"26":[0,0,0,0],"27":[0,0],"28":[0,0,0],"29":[0,0],"30":[0,0],"31":[0,0],"32":[0,0],"33":[0,0,0,0,0,0,0,0],"34":[0,0],"35":[0,0],"36":[0,0],"37":[0,0],"38":[0,0],"39":[0,0],"40":[0,0],"41":[0,0],"42":[0,0],"43":[0,0],"44":[0,0],"45":[0,0]},"_coverageSchema":"1a1c01bbd47fc00a2c39e90264f33305004495a9","hash":"8b0475b5561b16189ee5147ab82b90e23b6b25c8"}
}
