TN:
SF:app.js
FN:12,(anonymous_0)
FN:13,(anonymous_1)
FN:17,(anonymous_2)
FNF:3
FNH:1
FNDA:1,(anonymous_0)
FNDA:0,(anonymous_1)
FNDA:0,(anonymous_2)
DA:6,1
DA:8,1
DA:12,1
DA:13,0
DA:15,1
DA:17,1
DA:18,0
DA:21,1
LF:8
LH:6
BRF:0
BRH:0
end_of_record
TN:
SF:controllers/jeuController.js
FN:8,importerJeuxQuebec
FN:87,listerJeuxQuebec
FNF:2
FNH:1
FNDA:0,importerJeuxQuebec
FNDA:1,listerJeuxQuebec
DA:9,0
DA:10,0
DA:14,0
DA:15,0
DA:16,0
DA:18,0
DA:19,0
DA:20,0
DA:30,0
DA:31,0
DA:33,0
DA:34,0
DA:45,0
DA:49,0
DA:50,0
DA:52,0
DA:56,0
DA:57,0
DA:58,0
DA:59,0
DA:63,0
DA:64,0
DA:65,0
DA:68,0
DA:74,0
DA:75,0
DA:88,1
DA:89,1
DA:90,1
DA:92,0
DA:93,0
LF:31
LH:3
BRDA:30,0,0,0
BRDA:30,0,1,0
BRDA:33,1,0,0
BRDA:33,1,1,0
BRDA:49,2,0,0
BRDA:49,2,1,0
BRDA:49,3,0,0
BRDA:49,3,1,0
BRDA:56,4,0,0
BRDA:56,4,1,0
BRDA:63,5,0,0
BRDA:63,5,1,0
BRF:12
BRH:0
end_of_record
TN:
SF:models/Jeu.js
FNF:0
FNH:0
DA:4,1
DA:15,1
DA:26,1
DA:38,1
DA:47,1
DA:56,1
DA:81,1
LF:7
LH:7
BRF:0
BRH:0
end_of_record
TN:
SF:routes/jeux.js
FNF:0
FNH:0
DA:4,1
DA:7,1
DA:9,1
LF:3
LH:3
BRF:0
BRH:0
end_of_record
TN:
SF:utils/kohaMappeur.js
FN:6,decouperUrls
FN:10,(anonymous_1)
FN:19,detecterLangue
FN:30,extraireDepuisAbstract
FN:36,(anonymous_4)
FN:73,(anonymous_5)
FN:108,mapperKohaVersJeu
FN:120,(anonymous_7)
FN:124,(anonymous_8)
FN:130,(anonymous_9)
FNF:10
FNH:0
FNDA:0,decouperUrls
FNDA:0,(anonymous_1)
FNDA:0,detecterLangue
FNDA:0,extraireDepuisAbstract
FNDA:0,(anonymous_4)
FNDA:0,(anonymous_5)
FNDA:0,mapperKohaVersJeu
FNDA:0,(anonymous_7)
FNDA:0,(anonymous_8)
FNDA:0,(anonymous_9)
DA:7,0
DA:8,0
DA:10,0
DA:20,0
DA:21,0
DA:22,0
DA:23,0
DA:24,0
DA:31,0
DA:32,0
DA:33,0
DA:36,0
DA:37,0
DA:39,0
DA:46,0
DA:48,0
DA:49,0
DA:50,0
DA:53,0
DA:54,0
DA:55,0
DA:59,0
DA:60,0
DA:61,0
DA:66,0
DA:67,0
DA:68,0
DA:69,0
DA:70,0
DA:71,0
DA:72,0
DA:73,0
DA:75,0
DA:76,0
DA:81,0
DA:85,0
DA:86,0
DA:87,0
DA:90,0
DA:109,0
DA:112,0
DA:116,0
DA:117,0
DA:119,0
DA:120,0
DA:123,0
DA:124,0
DA:127,0
DA:130,0
DA:138,0
LF:50
LH:0
BRDA:7,0,0,0
BRDA:7,0,1,0
BRDA:20,1,0,0
BRDA:20,1,1,0
BRDA:20,2,0,0
BRDA:20,2,1,0
BRDA:22,3,0,0
BRDA:22,3,1,0
BRDA:23,4,0,0
BRDA:23,4,1,0
BRDA:31,5,0,0
BRDA:31,5,1,0
BRDA:32,6,0,0
BRDA:32,6,1,0
BRDA:53,7,0,0
BRDA:53,7,1,0
BRDA:55,8,0,0
BRDA:55,8,1,0
BRDA:59,9,0,0
BRDA:59,9,1,0
BRDA:61,10,0,0
BRDA:61,10,1,0
BRDA:66,11,0,0
BRDA:66,11,1,0
BRDA:67,12,0,0
BRDA:67,12,1,0
BRDA:68,13,0,0
BRDA:68,13,1,0
BRDA:69,14,0,0
BRDA:69,14,1,0
BRDA:70,15,0,0
BRDA:70,15,1,0
BRDA:72,16,0,0
BRDA:72,16,1,0
BRDA:75,17,0,0
BRDA:75,17,1,0
BRDA:76,18,0,0
BRDA:76,18,1,0
BRDA:85,19,0,0
BRDA:85,19,1,0
BRDA:86,20,0,0
BRDA:86,20,1,0
BRDA:87,21,0,0
BRDA:87,21,1,0
BRDA:87,22,0,0
BRDA:87,22,1,0
BRDA:93,23,0,0
BRDA:93,23,1,0
BRDA:94,24,0,0
BRDA:94,24,1,0
BRDA:96,25,0,0
BRDA:96,25,1,0
BRDA:96,26,0,0
BRDA:96,26,1,0
BRDA:96,26,2,0
BRDA:96,26,3,0
BRDA:109,27,0,0
BRDA:109,27,1,0
BRDA:112,28,0,0
BRDA:112,28,1,0
BRDA:112,28,2,0
BRDA:117,29,0,0
BRDA:117,29,1,0
BRDA:119,30,0,0
BRDA:119,30,1,0
BRDA:123,31,0,0
BRDA:123,31,1,0
BRDA:127,32,0,0
BRDA:127,32,1,0
BRDA:130,33,0,0
BRDA:130,33,1,0
BRDA:130,33,2,0
BRDA:130,33,3,0
BRDA:130,33,4,0
BRDA:130,33,5,0
BRDA:130,33,6,0
BRDA:130,33,7,0
BRDA:140,34,0,0
BRDA:140,34,1,0
BRDA:142,35,0,0
BRDA:142,35,1,0
BRDA:145,36,0,0
BRDA:145,36,1,0
BRDA:151,37,0,0
BRDA:151,37,1,0
BRDA:156,38,0,0
BRDA:156,38,1,0
BRDA:157,39,0,0
BRDA:157,39,1,0
BRDA:158,40,0,0
BRDA:158,40,1,0
BRDA:159,41,0,0
BRDA:159,41,1,0
BRDA:160,42,0,0
BRDA:160,42,1,0
BRDA:162,43,0,0
BRDA:162,43,1,0
BRDA:164,44,0,0
BRDA:164,44,1,0
BRDA:165,45,0,0
BRDA:165,45,1,0
BRF:101
BRH:0
end_of_record
